<?xml version="1.0" encoding="UTF-8"?>
<!-- Generated by org.testng.reporters.JUnitReportReporter -->
<testsuite hostname="MX-IT01016" name="com.automation.rest.assured.test.ResourcesRESTTest" tests="7" failures="0" timestamp="22 Nov 2017 01:15:33 GMT" time="2.577" errors="0">
  <testcase name="makeSureHeaderIsCorrect" time="0.261" classname="com.automation.rest.assured.test.ResourcesRESTTest"/>
  <testcase name="makeSureThatJsonpPlaceholderSiteIsUp" time="0.991" classname="com.automation.rest.assured.test.ResourcesRESTTest"/>
  <testcase name="makeSureThatEmailIsNotEmpty" time="0.254" classname="com.automation.rest.assured.test.ResourcesRESTTest"/>
  <testcase name="makeSureThatCommentByIdIsRetrieved" time="0.159" classname="com.automation.rest.assured.test.ResourcesRESTTest"/>
  <testcase name="makeSureThatCommentsAreAvailable" time="0.228" classname="com.automation.rest.assured.test.ResourcesRESTTest"/>
  <testcase name="makeSureNumberOfComments" time="0.526" classname="com.automation.rest.assured.test.ResourcesRESTTest"/>
  <testcase name="makeSureThatCommentRetrievedByIdContainsAtSign" time="0.158" classname="com.automation.rest.assured.test.ResourcesRESTTest"/>
</testsuite> <!-- com.automation.rest.assured.test.ResourcesRESTTest -->
