<?xml version="1.0" encoding="UTF-8"?>
<!-- Generated by org.testng.reporters.JUnitReportReporter -->
<testsuite hostname="MX-IT01016" name="com.automation.rest.assured.test.ResourcesRESTTest" tests="5" failures="0" timestamp="21 Nov 2017 18:47:12 GMT" time="14.363" errors="0">
  <testcase name="makeSureThatJsonpPlaceholderSiteIsUp" time="7.216" classname="com.automation.rest.assured.test.ResourcesRESTTest"/>
  <testcase name="makeSureNumberOfComments" time="1.052" classname="com.automation.rest.assured.test.ResourcesRESTTest"/>
  <testcase name="makeSureThatCommentsAreAvailable" time="1.270" classname="com.automation.rest.assured.test.ResourcesRESTTest"/>
  <testcase name="makeSureThatCommentByIdIsRetrieved" time="3.850" classname="com.automation.rest.assured.test.ResourcesRESTTest"/>
  <testcase name="makeSureThatCommentRetrievedByIdContainsAtSign" time="0.975" classname="com.automation.rest.assured.test.ResourcesRESTTest"/>
</testsuite> <!-- com.automation.rest.assured.test.ResourcesRESTTest -->
