<?xml version="1.0" encoding="UTF-8"?>
<!-- Generated by org.testng.reporters.JUnitReportReporter -->
<testsuite hostname="MX-IT01016" name="com.automation.rest.assured.test.ResourcesPOSTTest" tests="7" failures="0" timestamp="22 Nov 2017 01:15:33 GMT" time="2.336" errors="0">
  <testcase name="makeSureThatJsonpPlaceholderSiteIsUp" time="0.150" classname="com.automation.rest.assured.test.ResourcesPOSTTest"/>
  <testcase name="makeSureThatCommentsArePostedUsingDataProvider" time="0.539" classname="com.automation.rest.assured.test.ResourcesPOSTTest"/>
  <testcase name="makeSureThatCommentsArePostedUsingDataProvider" time="0.388" classname="com.automation.rest.assured.test.ResourcesPOSTTest"/>
  <testcase name="makeSureThatCommentsArePostedUsingDataProvider" time="0.327" classname="com.automation.rest.assured.test.ResourcesPOSTTest"/>
  <testcase name="makeSureThatCommentsArePostedUsingDataProvider" time="0.277" classname="com.automation.rest.assured.test.ResourcesPOSTTest"/>
  <testcase name="makeSureThatCommentsArePostedUsingDataProvider" time="0.381" classname="com.automation.rest.assured.test.ResourcesPOSTTest"/>
  <testcase name="makeSureThatCommentsArePostedUsingDataProvider" time="0.274" classname="com.automation.rest.assured.test.ResourcesPOSTTest"/>
</testsuite> <!-- com.automation.rest.assured.test.ResourcesPOSTTest -->
