<?xml version="1.0" encoding="UTF-8"?>
<!-- Generated by org.testng.reporters.JUnitReportReporter -->
<testsuite hostname="MX-IT01016" name="com.automation.rest.assured.test.ResourcesTest" tests="1" failures="0" timestamp="21 Nov 2017 16:28:39 GMT" time="1.625" errors="0">
  <testcase name="makeSureThatJsonPlaceholdereIsUp" time="1.625" classname="com.automation.rest.assured.test.ResourcesTest"/>
</testsuite> <!-- com.automation.rest.assured.test.ResourcesTest -->
